<?xml version="1.0" encoding="UTF-8"?>
<!-- Generated by org.testng.reporters.JUnitReportReporter -->
<testsuite hostname="TYSS-Sumanth" failures="0" tests="1" name="accounts.TC_Explore" time="6.626" errors="0" timestamp="2023-10-03T23:02:41 IST" skipped="0">
  <testcase classname="accounts.TC_Explore" name="explore" time="6.626"/>
  <system-out/>
</testsuite> <!-- accounts.TC_Explore -->
