<?xml version="1.0" encoding="UTF-8"?>
<!-- Generated by org.testng.reporters.JUnitReportReporter -->
<testsuite hostname="TYSS-Sumanth" failures="0" tests="1" name="accounts.TC_Accounts_SA_001_Test" time="5.312" errors="0" timestamp="2023-10-04T22:39:02 IST" skipped="0">
  <testcase classname="accounts.TC_Accounts_SA_001_Test" name="account" time="5.312"/>
  <system-out/>
</testsuite> <!-- accounts.TC_Accounts_SA_001_Test -->
