<?xml version="1.0" encoding="UTF-8"?>
<!-- Generated by org.testng.reporters.JUnitReportReporter -->
<testsuite hostname="TYSS-Sumanth" failures="0" tests="1" name="accounts.TC_Explore_Test" time="4.464" errors="0" timestamp="2023-10-04T22:39:02 IST" skipped="0">
  <testcase classname="accounts.TC_Explore_Test" name="explore" time="4.464"/>
  <system-out/>
</testsuite> <!-- accounts.TC_Explore_Test -->
