<?xml version="1.0" encoding="UTF-8"?>
<!-- Generated by org.testng.reporters.JUnitReportReporter -->
<testsuite hostname="TYSS-Sumanth" failures="0" tests="1" name="login.TC_Login_001_Test" time="6.772" errors="0" timestamp="2023-10-04T22:39:02 IST" skipped="0">
  <testcase classname="login.TC_Login_001_Test" name="login" time="6.772"/>
  <system-out/>
</testsuite> <!-- login.TC_Login_001_Test -->
