<?xml version="1.0" encoding="UTF-8"?>
<!-- Generated by org.testng.reporters.JUnitReportReporter -->
<testsuite hostname="TYSS-Sumanth" failures="0" tests="1" name="login.TC_Fossil" time="10.934" errors="0" timestamp="2023-10-03T23:03:03 IST" skipped="0">
  <testcase classname="login.TC_Fossil" name="explore" time="10.934"/>
  <system-out/>
</testsuite> <!-- login.TC_Fossil -->
