<?xml version="1.0" encoding="UTF-8"?>
<!-- Generated by org.testng.reporters.JUnitReportReporter -->
<testsuite hostname="TYSS-Sumanth" failures="0" tests="1" name="login.TC_Fossil_Test" time="8.752" errors="0" timestamp="2023-10-04T22:39:02 IST" skipped="0">
  <testcase classname="login.TC_Fossil_Test" name="explore" time="8.752"/>
  <system-out/>
</testsuite> <!-- login.TC_Fossil_Test -->
